flutter_basic/peliculas_flutter/peliculas_flutter/build/app/outputs/mapping/release/seeds.txt
io.flutter.embedding.android.FlutterSplashView$SavedState: android.os.Bundle access$702(io.flutter.embedding.android.FlutterSplashView$SavedState,android.os.Bundle)
android.support.v4.graphics.drawable.IconCompatParcelizer: androidx.core.graphics.drawable.IconCompat read(androidx.versionedparcelable.VersionedParcel)
androidx.window.embedding.SplitRuleParser: android.content.ComponentName buildClassName(java.lang.String,java.lang.CharSequence)
androidx.window.embedding.SplitInfo: androidx.window.embedding.ActivityStack getSecondaryActivityStack()
androidx.window.layout.WindowMetricsCalculator$Companion: void overrideDecorator(androidx.window.layout.WindowMetricsCalculatorDecorator)
androidx.window.layout.HardwareFoldingFeature$Type$Companion: HardwareFoldingFeature$Type$Companion()
androidx.window.layout.ExtensionWindowLayoutInfoBackend$MulticastConsumer: void accept(java.lang.Object)
androidx.window.embedding.SplitController$Companion: androidx.window.embedding.SplitController getInstance()
kotlin.jvm.internal.CallableReference: java.lang.Object call(java.lang.Object[])
androidx.window.layout.HardwareFoldingFeature: androidx.window.layout.FoldingFeature$Orientation getOrientation()
io.flutter.embedding.engine.FlutterJNI: FlutterJNI()
androidx.window.embedding.ExtensionEmbeddingBackend: java.util.Set getSplitRules()
androidx.window.core.Version: int getMinor()
androidx.window.layout.FoldingFeature$OcclusionType: FoldingFeature$OcclusionType(java.lang.String)
androidx.window.layout.SidecarWindowBackend$Companion: void resetInstance()
kotlinx.coroutines.android.AndroidDispatcherFactory: int getLoadPriority()
androidx.window.layout.WindowInfoTrackerImpl$windowLayoutInfo$1: WindowInfoTrackerImpl$windowLayoutInfo$1(androidx.window.layout.WindowInfoTrackerImpl,android.app.Activity,kotlin.coroutines.Continuation)
androidx.window.embedding.ExtensionEmbeddingBackend$EmbeddingCallbackImpl: void onSplitInfoChanged(java.util.List)
io.flutter.embedding.android.FlutterSplashView$SavedState: FlutterSplashView$SavedState(android.os.Parcel)
androidx.window.embedding.EmbeddingAdapter: java.util.function.Predicate translateActivityPredicates(java.util.Set)
androidx.window.embedding.EmbeddingCompat$Companion: EmbeddingCompat$Companion()
io.flutter.embedding.engine.FlutterJNI: void nativeUnregisterTexture(long,long)
kotlin.coroutines.jvm.internal.SuspendLambda: SuspendLambda(int,kotlin.coroutines.Continuation)
androidx.window.layout.HardwareFoldingFeature$Companion: HardwareFoldingFeature$Companion(kotlin.jvm.internal.DefaultConstructorMarker)
io.flutter.embedding.engine.mutatorsstack.FlutterMutatorsStack: java.util.List getFinalClippingPaths()
androidx.window.layout.WindowInfoTracker$-CC: void reset()
androidx.window.layout.SidecarWindowBackend: androidx.window.layout.SidecarWindowBackend access$getGlobalInstance$cp()
io.flutter.embedding.engine.renderer.SurfaceTextureWrapper: void detachFromGLContext()
androidx.window.R$attr: R$attr()
kotlin.jvm.internal.CallableReference: java.util.List getParameters()
androidx.window.layout.WindowInfoTrackerImpl$windowLayoutInfo$1: void invokeSuspend$lambda-0(kotlinx.coroutines.channels.Channel,androidx.window.layout.WindowLayoutInfo)
androidx.window.embedding.ExtensionEmbeddingBackend: boolean isSplitSupported()
androidx.window.embedding.EmbeddingAdapter: java.lang.Object component2(android.util.Pair)
androidx.window.embedding.EmbeddingAdapter: androidx.window.embedding.SplitInfo translate(androidx.window.extensions.embedding.SplitInfo)
androidx.window.layout.ExtensionsWindowLayoutInfoAdapter: androidx.window.layout.FoldingFeature translate$window_release(android.app.Activity,androidx.window.extensions.layout.FoldingFeature)
androidx.window.embedding.ExtensionEmbeddingBackend$Companion: ExtensionEmbeddingBackend$Companion()
androidx.window.embedding.ActivityStack: ActivityStack(java.util.List,boolean,int,kotlin.jvm.internal.DefaultConstructorMarker)