flutter_basic/peliculas_flutter/peliculas_flutter/build/app/outputs/mapping/release/mapping.txt
# compiler: R8
# compiler_version: 3.1.66
# min_api: 18
# pg_map_id: b10bb9c
# common_typos_disable
# {"id":"com.android.tools.r8.mapping","version":"1.0"}
...
kotlin.coroutines.jvm.internal.CoroutineStackFrame -> kotlin.coroutines.jvm.internal.e:
kotlin.coroutines.jvm.internal.DebugMetadata -> kotlin.coroutines.jvm.internal.f:
kotlin.coroutines.jvm.internal.DebugMetadataKt -> kotlin.coroutines.jvm.internal.g:
    void checkDebugMetadataVersion(int,int) -> a
    kotlin.coroutines.jvm.internal.DebugMetadata getDebugMetadataAnnotation(kotlin.coroutines.jvm.internal.BaseContinuationImpl) -> b
    int getLabel(kotlin.coroutines.jvm.internal.BaseContinuationImpl) -> c
    java.lang.StackTraceElement getStackTraceElement(kotlin.coroutines.jvm.internal.BaseContinuationImpl) -> d
kotlin.coroutines.jvm.internal.DebugProbesKt -> kotlin.coroutines.jvm.internal.h:
    kotlin.coroutines.Continuation probeCoroutineCreated(kotlin.coroutines.Continuation) -> a
    void probeCoroutineResumed(kotlin.coroutines.Continuation) -> b
    void probeCoroutineSuspended(kotlin.coroutines.Continuation) -> c
kotlin.coroutines.jvm.internal.ModuleNameRetriever -> kotlin.coroutines.jvm.internal.i:
    kotlin.coroutines.jvm.internal.ModuleNameRetriever$Cache notOnJava9 -> b
    kotlin.coroutines.jvm.internal.ModuleNameRetriever$Cache cache -> c
    kotlin.coroutines.jvm.internal.ModuleNameRetriever INSTANCE -> a
    kotlin.coroutines.jvm.internal.ModuleNameRetriever$Cache buildCache(kotlin.coroutines.jvm.internal.BaseContinuationImpl) -> a
    java.lang.String getModuleName(kotlin.coroutines.jvm.internal.BaseContinuationImpl) -> b
kotlin.coroutines.jvm.internal.ModuleNameRetriever$Cache -> kotlin.coroutines.jvm.internal.i$a:
    java.lang.reflect.Method nameMethod -> c
    java.lang.reflect.Method getModuleMethod -> a
    java.lang.reflect.Method getDescriptorMethod -> b
kotlin.coroutines.jvm.internal.RestrictedContinuationImpl -> kotlin.coroutines.jvm.internal.j:
kotlin.coroutines.jvm.internal.SuspendLambda -> kotlin.coroutines.jvm.internal.k:
kotlin.internal.PlatformImplementations -> q.a:
    void addSuppressed(java.lang.Throwable,java.lang.Throwable) -> a
    kotlin.random.Random defaultPlatformRandom() -> b
kotlin.internal.PlatformImplementations$ReflectThrowable -> q.a$a:
    kotlin.internal.PlatformImplementations$ReflectThrowable INSTANCE -> a
    java.lang.reflect.Method getSuppressed -> c
    java.lang.reflect.Method addSuppressed -> b
kotlin.internal.PlatformImplementationsKt -> q.b:
    kotlin.internal.PlatformImplementations IMPLEMENTATIONS -> a
    int getJavaVersion() -> a
kotlin.internal.ProgressionUtilKt -> q.c:
    int differenceModulo(int,int,int) -> a
    int getProgressionLastElement(int,int,int) -> b
    int mod(int,int) -> c
kotlin.internal.jdk7.JDK7PlatformImplementations -> r.a:
    void addSuppressed(java.lang.Throwable,java.lang.Throwable) -> a
kotlin.internal.jdk8.JDK8PlatformImplementations -> s.a:
    kotlin.random.Random defaultPlatformRandom() -> b
kotlin.io.CloseableKt -> t.a:
    void closeFinally(java.io.Closeable,java.lang.Throwable) -> a
kotlin.jvm.JvmClassMappingKt -> u.a:
    java.lang.Class getJavaObjectType(kotlin.reflect.KClass) -> a
    kotlin.reflect.KClass getKotlinClass(java.lang.Class) -> b
kotlin.jvm.KotlinReflectionNotSupportedError -> u.b:
kotlin.jvm.functions.Function0 -> v.a:
kotlin.jvm.functions.Function1 -> v.l:
kotlin.jvm.functions.Function10 -> v.b:
kotlin.jvm.functions.Function11 -> v.c:
kotlin.jvm.functions.Function12 -> v.d:
kotlin.jvm.functions.Function13 -> v.e:
kotlin.jvm.functions.Function14 -> v.f:
kotlin.jvm.functions.Function15 -> v.g:
kotlin.jvm.functions.Function16 -> v.h:
kotlin.jvm.functions.Function17 -> v.i:
kotlin.jvm.functions.Function18 -> v.j:
kotlin.jvm.functions.Function19 -> v.k:
kotlin.jvm.functions.Function2 -> v.p:
kotlin.jvm.functions.Function20 -> v.m:
kotlin.jvm.functions.Function21 -> v.n:
kotlin.jvm.functions.Function22 -> v.o:
kotlin.jvm.functions.Function3 -> v.q:
    java.lang.Object invoke(java.lang.Object,java.lang.Object,java.lang.Object) -> i
kotlin.jvm.functions.Function4 -> v.r:
kotlin.jvm.functions.Function5 -> v.s: