flutter_basic/peliculas_flutter/peliculas_flutter/build/app/outputs/mapping/release/usage.txt
io.flutter.embedding.engine.systemchannels.NavigationChannel$1
io.flutter.embedding.engine.systemchannels.NavigationChannel
io.flutter.embedding.engine.systemchannels.PlatformChannel$1
io.flutter.embedding.engine.systemchannels.PlatformChannel$2
io.flutter.embedding.engine.systemchannels.PlatformChannel$AppSwitcherDescription
io.flutter.embedding.engine.systemchannels.PlatformChannel$Brightness
io.flutter.embedding.engine.systemchannels.PlatformChannel$ClipboardContentFormat
io.flutter.embedding.engine.systemchannels.PlatformChannel$DeviceOrientation
io.flutter.embedding.engine.systemchannels.PlatformChannel$HapticFeedbackType
io.flutter.embedding.engine.systemchannels.PlatformChannel$PlatformMessageHandler
io.flutter.embedding.engine.systemchannels.PlatformChannel$SoundType
io.flutter.embedding.engine.systemchannels.PlatformChannel$SystemChromeStyle
io.flutter.embedding.engine.systemchannels.PlatformChannel$SystemUiMode
io.flutter.embedding.engine.systemchannels.PlatformChannel$SystemUiOverlay
io.flutter.embedding.engine.systemchannels.PlatformChannel
io.flutter.embedding.engine.systemchannels.PlatformViewsChannel$1
io.flutter.embedding.engine.systemchannels.PlatformViewsChannel$PlatformViewBufferSize
io.flutter.embedding.engine.systemchannels.PlatformViewsChannel$PlatformViewCreationRequest
io.flutter.embedding.engine.systemchannels.PlatformViewsChannel$PlatformViewResizeRequest
io.flutter.embedding.engine.systemchannels.PlatformViewsChannel$PlatformViewTouch
io.flutter.embedding.engine.systemchannels.PlatformViewsChannel$PlatformViewsHandler
io.flutter.embedding.engine.systemchannels.PlatformViewsChannel
io.flutter.embedding.engine.systemchannels.RestorationChannel$1
io.flutter.embedding.engine.systemchannels.RestorationChannel$2
io.flutter.embedding.engine.systemchannels.RestorationChannel
io.flutter.embedding.engine.systemchannels.SettingsChannel$MessageBuilder
io.flutter.embedding.engine.systemchannels.SettingsChannel$PlatformBrightness
io.flutter.embedding.engine.systemchannels.SettingsChannel
io.flutter.embedding.engine.systemchannels.SystemChannel
io.flutter.embedding.engine.systemchannels.TextInputChannel$1
io.flutter.embedding.engine.systemchannels.TextInputChannel$Configuration$Autofill
io.flutter.embedding.engine.systemchannels.TextInputChannel$Configuration
io.flutter.embedding.engine.systemchannels.TextInputChannel$InputType
io.flutter.embedding.engine.systemchannels.TextInputChannel$TextCapitalization
io.flutter.embedding.engine.systemchannels.TextInputChannel$TextEditState
io.flutter.embedding.engine.systemchannels.TextInputChannel$TextInputMethodHandler
io.flutter.embedding.engine.systemchannels.TextInputChannel$TextInputType
io.flutter.embedding.engine.systemchannels.TextInputChannel
io.flutter.plugin.common.ActivityLifecycleListener
io.flutter.plugin.common.BasicMessageChannel$1
io.flutter.plugin.common.BasicMessageChannel$IncomingMessageHandler$1
io.flutter.plugin.common.BasicMessageChannel$IncomingMessageHandler
io.flutter.plugin.common.BasicMessageChannel$IncomingReplyHandler
io.flutter.plugin.common.BasicMessageChannel$MessageHandler
io.flutter.plugin.common.BasicMessageChannel$Reply
io.flutter.plugin.common.BasicMessageChannel
io.flutter.plugin.common.BinaryCodec
io.flutter.plugin.common.BinaryMessenger$-CC
io.flutter.plugin.common.BinaryMessenger$BinaryMessageHandler
io.flutter.plugin.common.BinaryMessenger$BinaryReply
io.flutter.plugin.common.BinaryMessenger$TaskQueue
io.flutter.plugin.common.BinaryMessenger$TaskQueueOptions
io.flutter.plugin.common.BinaryMessenger
io.flutter.plugin.common.ErrorLogResult
io.flutter.plugin.common.EventChannel$1
io.flutter.plugin.common.EventChannel$EventSink
io.flutter.plugin.common.EventChannel$IncomingStreamRequestHandler$EventSinkImplementation
io.flutter.plugin.common.EventChannel$IncomingStreamRequestHandler
io.flutter.plugin.common.EventChannel$StreamHandler
io.flutter.plugin.common.EventChannel
io.flutter.plugin.common.FlutterException